[debug] [2021-05-14T15:39:36.491Z] ----------------------------------------------------------------------
[debug] [2021-05-14T15:39:36.493Z] Command:       C:\Program Files\nodejs\node.exe C:\Users\Masoud\AppData\Roaming\npm\node_modules\firebase-tools\lib\bin\firebase.js deploy
[debug] [2021-05-14T15:39:36.493Z] CLI Version:   9.10.2
[debug] [2021-05-14T15:39:36.493Z] Platform:      win32
[debug] [2021-05-14T15:39:36.493Z] Node Version:  v14.16.1
[debug] [2021-05-14T15:39:36.495Z] Time:          Fri May 14 2021 20:09:36 GMT+0430 (Iran Daylight Time)
[debug] [2021-05-14T15:39:36.495Z] ----------------------------------------------------------------------
[debug] 
[debug] [2021-05-14T15:39:36.498Z] >>> [apiv2][query] GET https://firebase-public.firebaseio.com/cli.json [none]
[debug] [2021-05-14T15:39:36.522Z] > command requires scopes: ["email","openid","https://www.googleapis.com/auth/cloudplatformprojects.readonly","https://www.googleapis.com/auth/firebase","https://www.googleapis.com/auth/cloud-platform"]
[debug] [2021-05-14T15:39:36.523Z] > authorizing via signed-in user (masoudmohajeri.ge@gmail.com)
[debug] [2021-05-14T15:39:36.523Z] [iam] checking project masoud-pwa for permissions ["firebase.projects.get","firebasehosting.sites.update"]
[debug] [2021-05-14T15:39:36.524Z] > refreshing access token with scopes: ["email","https://www.googleapis.com/auth/cloud-platform","https://www.googleapis.com/auth/cloudplatformprojects.readonly","https://www.googleapis.com/auth/firebase","openid"]
[debug] [2021-05-14T15:39:36.525Z] >>> HTTP REQUEST POST https://www.googleapis.com/oauth2/v3/token  
 <request body omitted>
[debug] [2021-05-14T15:39:37.086Z] <<< HTTP RESPONSE 200 {"date":"Fri, 14 May 2021 15:39:37 GMT","pragma":"no-cache","expires":"Mon, 01 Jan 1990 00:00:00 GMT","cache-control":"no-cache, no-store, max-age=0, must-revalidate","content-type":"application/json; charset=utf-8","vary":"X-Origin, Referer, Origin,Accept-Encoding","server":"scaffolding on HTTPServer2","x-xss-protection":"0","x-frame-options":"SAMEORIGIN","x-content-type-options":"nosniff","alt-svc":"h3-29=\":443\"; ma=2592000,h3-T051=\":443\"; ma=2592000,h3-Q050=\":443\"; ma=2592000,h3-Q046=\":443\"; ma=2592000,h3-Q043=\":443\"; ma=2592000,quic=\":443\"; ma=2592000; v=\"46,43\"","accept-ranges":"none","transfer-encoding":"chunked"}
[debug] [2021-05-14T15:39:37.110Z] >>> HTTP REQUEST POST https://cloudresourcemanager.googleapis.com/v1/projects/masoud-pwa:testIamPermissions  
 {"permissions":["firebase.projects.get","firebasehosting.sites.update"]}
[debug] [2021-05-14T15:39:38.418Z] <<< HTTP RESPONSE 200 {"content-type":"application/json; charset=UTF-8","vary":"X-Origin, Referer, Origin,Accept-Encoding","date":"Fri, 14 May 2021 15:39:38 GMT","server":"ESF","cache-control":"private","x-xss-protection":"0","x-frame-options":"SAMEORIGIN","x-content-type-options":"nosniff","server-timing":"gfet4t7; dur=576","alt-svc":"h3-29=\":443\"; ma=2592000,h3-T051=\":443\"; ma=2592000,h3-Q050=\":443\"; ma=2592000,h3-Q046=\":443\"; ma=2592000,h3-Q043=\":443\"; ma=2592000,quic=\":443\"; ma=2592000; v=\"46,43\"","accept-ranges":"none","transfer-encoding":"chunked"}
[debug] [2021-05-14T15:39:38.419Z] > refreshing access token with scopes: []
[debug] [2021-05-14T15:39:38.419Z] >>> HTTP REQUEST POST https://www.googleapis.com/oauth2/v3/token  
 <request body omitted>
[debug] [2021-05-14T15:39:38.916Z] <<< HTTP RESPONSE 200 {"date":"Fri, 14 May 2021 15:39:39 GMT","cache-control":"no-cache, no-store, max-age=0, must-revalidate","pragma":"no-cache","expires":"Mon, 01 Jan 1990 00:00:00 GMT","content-type":"application/json; charset=utf-8","vary":"X-Origin, Referer, Origin,Accept-Encoding","server":"scaffolding on HTTPServer2","x-xss-protection":"0","x-frame-options":"SAMEORIGIN","x-content-type-options":"nosniff","alt-svc":"h3-29=\":443\"; ma=2592000,h3-T051=\":443\"; ma=2592000,h3-Q050=\":443\"; ma=2592000,h3-Q046=\":443\"; ma=2592000,h3-Q043=\":443\"; ma=2592000,quic=\":443\"; ma=2592000; v=\"46,43\"","accept-ranges":"none","transfer-encoding":"chunked"}
[debug] [2021-05-14T15:39:38.936Z] >>> [apiv2][query] GET https://firebase.googleapis.com/v1beta1/projects/masoud-pwa [none]
[debug] [2021-05-14T15:39:39.414Z] Failed to make request: invalid json response body at https://firebase.googleapis.com/v1beta1/projects/masoud-pwa reason: Unexpected token < in JSON at position 0
[debug] [2021-05-14T15:39:39.939Z] FirebaseError: Failed to make request: invalid json response body at https://firebase.googleapis.com/v1beta1/projects/masoud-pwa reason: Unexpected token < in JSON at position 0
    at Client.request (C:\Users\Masoud\AppData\Roaming\npm\node_modules\firebase-tools\lib\apiv2.js:109:19)
    at processTicksAndRejections (internal/process/task_queues.js:93:5)
    at async Object.getFirebaseProject (C:\Users\Masoud\AppData\Roaming\npm\node_modules\firebase-tools\lib\management\projects.js:290:21)
    at async Object.getDefaultHostingSite (C:\Users\Masoud\AppData\Roaming\npm\node_modules\firebase-tools\lib\getDefaultHostingSite.js:8:21)
    at async requireHostingSite (C:\Users\Masoud\AppData\Roaming\npm\node_modules\firebase-tools\lib\requireHostingSite.js:9:18)
    at async Object.fn (C:\Users\Masoud\AppData\Roaming\npm\node_modules\firebase-tools\lib\commands\deploy.js:66:9)
    at async C:\Users\Masoud\AppData\Roaming\npm\node_modules\firebase-tools\lib\command.js:169:17
[error] 
[error] Error: Failed to get Firebase project masoud-pwa. Please make sure the project exists and your account has permission to access it.
